f:\.net program\mscom\mscom\debug\vc120.pdb
f:\.net program\mscom\mscom\debug\vc120.idb
f:\.net program\mscom\mscom\debug\mscom.obj
f:\.net program\mscom\mscom\debug\mscomdlg.obj
f:\.net program\mscom\mscom\debug\mscomsr.obj
f:\.net program\mscom\mscom\debug\mscom.pch
f:\.net program\mscom\mscom\debug\stdafx.obj
f:\.net program\mscom\debug\mscom.ilk
f:\.net program\mscom\debug\mscom.exe
f:\.net program\mscom\debug\mscom.pdb
f:\.net program\mscom\mscom\debug\mscom.res
f:\.net program\mscom\mscom\debug\mscom.tlog\cl.command.1.tlog
f:\.net program\mscom\mscom\debug\mscom.tlog\cl.read.1.tlog
f:\.net program\mscom\mscom\debug\mscom.tlog\cl.write.1.tlog
f:\.net program\mscom\mscom\debug\mscom.tlog\link.command.1.tlog
f:\.net program\mscom\mscom\debug\mscom.tlog\link.read.1.tlog
f:\.net program\mscom\mscom\debug\mscom.tlog\link.write.1.tlog
f:\.net program\mscom\mscom\debug\mscom.tlog\rc.command.1.tlog
f:\.net program\mscom\mscom\debug\mscom.tlog\rc.read.1.tlog
f:\.net program\mscom\mscom\debug\mscom.tlog\rc.write.1.tlog
